# JRE version: Java(TM) SE Runtime Environment (24.0.1+9) (build 24.0.1+9-30)
# Java VM: Java HotSpot(TM) 64-Bit Server VM (24.0.1+9-30, mixed mode, sharing, tiered, compressed oops, compressed class ptrs, g1 gc, windows-amd64)
GC Precious Log:
 CardTable entry size: 512
 Card Set container configuration: InlinePtr #cards 4 size 8 Array Of Cards #cards 16 size 48 Howl #buckets 8 coarsen threshold 3686 Howl Bitmap #cards 512 size 80 coarsen threshold 460 Card regions per heap region 1 cards per card region 4096
 CPUs: 16 total, 16 available
 Memory: 16068M
 Large Page Support: Disabled
 NUMA Support: Disabled
 Compressed Oops: Enabled (Zero based)
 Heap Region Size: 2M
 Heap Min Capacity: 8M
 Heap Initial Capacity: 252M
 Heap Max Capacity: 4018M
 Pre-touch: Disabled
 Parallel Workers: 13
 Concurrent Workers: 3
 Concurrent Refinement Workers: 13
 Periodic GC: Disabled
Heap:
 garbage-first heap   total reserved 4114432K, committed 124928K, used 82642K [0x0000000704e00000, 0x0000000800000000)
  region size 2048K, 14 young (28672K), 2 survivors (4096K)
 Metaspace       used 83950K, committed 84608K, reserved 1179648K
  class space    used 9163K, committed 9472K, reserved 1048576K
GC Heap History (20 events):
Event: 5.334 GC heap before
{Heap before GC invocations=15 (full 0):
 garbage-first heap   total reserved 4114432K, committed 63488K, used 50963K [0x0000000704e00000, 0x0000000800000000)
  region size 2048K, 13 young (26624K), 2 survivors (4096K)
 Metaspace       used 72561K, committed 73088K, reserved 1179648K
  class space    used 7392K, committed 7616K, reserved 1048576K
}
Event: 5.337 GC heap after
{Heap after GC invocations=16 (full 0):
 garbage-first heap   total reserved 4114432K, committed 63488K, used 30483K [0x0000000704e00000, 0x0000000800000000)
  region size 2048K, 2 young (4096K), 2 survivors (4096K)
 Metaspace       used 72561K, committed 73088K, reserved 1179648K
  class space    used 7392K, committed 7616K, reserved 1048576K
}
Event: 5.574 GC heap before
{Heap before GC invocations=16 (full 0):
 garbage-first heap   total reserved 4114432K, committed 63488K, used 53011K [0x0000000704e00000, 0x0000000800000000)
  region size 2048K, 13 young (26624K), 2 survivors (4096K)
 Metaspace       used 74818K, committed 75392K, reserved 1179648K
  class space    used 7821K, committed 8064K, reserved 1048576K
}
Event: 5.578 GC heap after
{Heap after GC invocations=17 (full 0):
 garbage-first heap   total reserved 4114432K, committed 63488K, used 32310K [0x0000000704e00000, 0x0000000800000000)
  region size 2048K, 2 young (4096K), 2 survivors (4096K)
 Metaspace       used 74818K, committed 75392K, reserved 1179648K
  class space    used 7821K, committed 8064K, reserved 1048576K
}
Event: 5.746 GC heap before
{Heap before GC invocations=18 (full 0):
 garbage-first heap   total reserved 4114432K, committed 63488K, used 50742K [0x0000000704e00000, 0x0000000800000000)
  region size 2048K, 11 young (22528K), 2 survivors (4096K)
 Metaspace       used 76310K, committed 76928K, reserved 1179648K
  class space    used 8200K, committed 8448K, reserved 1048576K
}
Event: 5.749 GC heap after
{Heap after GC invocations=19 (full 0):
 garbage-first heap   total reserved 4114432K, committed 63488K, used 33219K [0x0000000704e00000, 0x0000000800000000)
  region size 2048K, 2 young (4096K), 2 survivors (4096K)
 Metaspace       used 76310K, committed 76928K, reserved 1179648K
  class space    used 8200K, committed 8448K, reserved 1048576K
}
Event: 5.848 GC heap before
{Heap before GC invocations=19 (full 0):
 garbage-first heap   total reserved 4114432K, committed 63488K, used 51651K [0x0000000704e00000, 0x0000000800000000)
  region size 2048K, 11 young (22528K), 2 survivors (4096K)
 Metaspace       used 77597K, committed 78208K, reserved 1179648K
  class space    used 8419K, committed 8640K, reserved 1048576K
}
Event: 5.850 GC heap after
{Heap after GC invocations=20 (full 0):
 garbage-first heap   total reserved 4114432K, committed 63488K, used 33043K [0x0000000704e00000, 0x0000000800000000)
  region size 2048K, 1 young (2048K), 1 survivors (2048K)
 Metaspace       used 77597K, committed 78208K, reserved 1179648K
  class space    used 8419K, committed 8640K, reserved 1048576K
}
Event: 5.970 GC heap before
{Heap before GC invocations=20 (full 0):
 garbage-first heap   total reserved 4114432K, committed 63488K, used 53523K [0x0000000704e00000, 0x0000000800000000)
  region size 2048K, 11 young (22528K), 1 survivors (2048K)
 Metaspace       used 78700K, committed 79296K, reserved 1179648K
  class space    used 8525K, committed 8768K, reserved 1048576K
}
Event: 5.973 GC heap after
{Heap after GC invocations=21 (full 0):
 garbage-first heap   total reserved 4114432K, committed 63488K, used 33604K [0x0000000704e00000, 0x0000000800000000)
  region size 2048K, 1 young (2048K), 1 survivors (2048K)
 Metaspace       used 78700K, committed 79296K, reserved 1179648K
  class space    used 8525K, committed 8768K, reserved 1048576K
}
Event: 6.011 GC heap before
{Heap before GC invocations=22 (full 0):
 garbage-first heap   total reserved 4114432K, committed 63488K, used 54084K [0x0000000704e00000, 0x0000000800000000)
  region size 2048K, 11 young (22528K), 1 survivors (2048K)
 Metaspace       used 78700K, committed 79296K, reserved 1179648K
  class space    used 8525K, committed 8768K, reserved 1048576K
}
Event: 6.014 GC heap after
{Heap after GC invocations=23 (full 0):
 garbage-first heap   total reserved 4114432K, committed 63488K, used 36296K [0x0000000704e00000, 0x0000000800000000)
  region size 2048K, 2 young (4096K), 2 survivors (4096K)
 Metaspace       used 78700K, committed 79296K, reserved 1179648K
  class space    used 8525K, committed 8768K, reserved 1048576K
}
Event: 6.040 GC heap before
{Heap before GC invocations=23 (full 0):
 garbage-first heap   total reserved 4114432K, committed 63488K, used 52680K [0x0000000704e00000, 0x0000000800000000)
  region size 2048K, 10 young (20480K), 2 survivors (4096K)
 Metaspace       used 78701K, committed 79296K, reserved 1179648K
  class space    used 8525K, committed 8768K, reserved 1048576K
}
Event: 6.046 GC heap after
{Heap after GC invocations=24 (full 0):
 garbage-first heap   total reserved 4114432K, committed 65536K, used 41261K [0x0000000704e00000, 0x0000000800000000)
  region size 2048K, 2 young (4096K), 2 survivors (4096K)
 Metaspace       used 78701K, committed 79296K, reserved 1179648K
  class space    used 8525K, committed 8768K, reserved 1048576K
}
Event: 6.060 GC heap before
{Heap before GC invocations=24 (full 0):
 garbage-first heap   total reserved 4114432K, committed 65536K, used 53549K [0x0000000704e00000, 0x0000000800000000)
  region size 2048K, 8 young (16384K), 2 survivors (4096K)
 Metaspace       used 78701K, committed 79296K, reserved 1179648K
  class space    used 8525K, committed 8768K, reserved 1048576K
}
Event: 6.064 GC heap after
{Heap after GC invocations=25 (full 0):
 garbage-first heap   total reserved 4114432K, committed 124928K, used 46244K [0x0000000704e00000, 0x0000000800000000)
  region size 2048K, 1 young (2048K), 1 survivors (2048K)
 Metaspace       used 78701K, committed 79296K, reserved 1179648K
  class space    used 8525K, committed 8768K, reserved 1048576K
}
Event: 6.133 GC heap before
{Heap before GC invocations=26 (full 0):
 garbage-first heap   total reserved 4114432K, committed 124928K, used 93348K [0x0000000704e00000, 0x0000000800000000)
  region size 2048K, 25 young (51200K), 1 survivors (2048K)
 Metaspace       used 78702K, committed 79296K, reserved 1179648K
  class space    used 8525K, committed 8768K, reserved 1048576K
}
Event: 6.139 GC heap after
{Heap after GC invocations=27 (full 0):
 garbage-first heap   total reserved 4114432K, committed 124928K, used 56945K [0x0000000704e00000, 0x0000000800000000)
  region size 2048K, 4 young (8192K), 4 survivors (8192K)
 Metaspace       used 78702K, committed 79296K, reserved 1179648K
  class space    used 8525K, committed 8768K, reserved 1048576K
}
Event: 6.887 GC heap before
{Heap before GC invocations=27 (full 0):
 garbage-first heap   total reserved 4114432K, committed 124928K, used 99953K [0x0000000704e00000, 0x0000000800000000)
  region size 2048K, 25 young (51200K), 4 survivors (8192K)
 Metaspace       used 82430K, committed 83008K, reserved 1179648K
  class space    used 8982K, committed 9216K, reserved 1048576K
}
Event: 6.892 GC heap after
{Heap after GC invocations=28 (full 0):
 garbage-first heap   total reserved 4114432K, committed 124928K, used 60114K [0x0000000704e00000, 0x0000000800000000)
  region size 2048K, 2 young (4096K), 2 survivors (4096K)
 Metaspace       used 82430K, committed 83008K, reserved 1179648K
  class space    used 8982K, committed 9216K, reserved 1048576K
}

