# JRE version: Java(TM) SE Runtime Environment (24.0.1+9) (build 24.0.1+9-30)
# Java VM: Java HotSpot(TM) 64-Bit Server VM (24.0.1+9-30, mixed mode, sharing, tiered, compressed oops, compressed class ptrs, g1 gc, windows-amd64)
GC Precious Log:
 CardTable entry size: 512
 Card Set container configuration: InlinePtr #cards 4 size 8 Array Of Cards #cards 16 size 48 Howl #buckets 8 coarsen threshold 3686 Howl Bitmap #cards 512 size 80 coarsen threshold 460 Card regions per heap region 1 cards per card region 4096
 CPUs: 16 total, 16 available
 Memory: 16068M
 Large Page Support: Disabled
 NUMA Support: Disabled
 Compressed Oops: Enabled (Zero based)
 Heap Region Size: 2M
 Heap Min Capacity: 8M
 Heap Initial Capacity: 252M
 Heap Max Capacity: 4018M
 Pre-touch: Disabled
 Parallel Workers: 13
 Concurrent Workers: 3
 Concurrent Refinement Workers: 13
 Periodic GC: Disabled
Heap:
 garbage-first heap   total reserved 4114432K, committed 106496K, used 62095K [0x0000000704e00000, 0x0000000800000000)
  region size 2048K, 14 young (28672K), 1 survivors (2048K)
 Metaspace       used 93712K, committed 94400K, reserved 1179648K
  class space    used 9959K, committed 10240K, reserved 1048576K
GC Heap History (20 events):
Event: 83633.859 GC heap before
{Heap before GC invocations=75 (full 0):
 garbage-first heap   total reserved 4114432K, committed 106496K, used 94795K [0x0000000704e00000, 0x0000000800000000)
  region size 2048K, 29 young (59392K), 1 survivors (2048K)
 Metaspace       used 93707K, committed 94400K, reserved 1179648K
  class space    used 9959K, committed 10240K, reserved 1048576K
}
Event: 83633.862 GC heap after
{Heap after GC invocations=76 (full 0):
 garbage-first heap   total reserved 4114432K, committed 106496K, used 37490K [0x0000000704e00000, 0x0000000800000000)
  region size 2048K, 1 young (2048K), 1 survivors (2048K)
 Metaspace       used 93707K, committed 94400K, reserved 1179648K
  class space    used 9959K, committed 10240K, reserved 1048576K
}
Event: 83642.838 GC heap before
{Heap before GC invocations=77 (full 0):
 garbage-first heap   total reserved 4114432K, committed 106496K, used 92786K [0x0000000704e00000, 0x0000000800000000)
  region size 2048K, 29 young (59392K), 1 survivors (2048K)
 Metaspace       used 93705K, committed 94400K, reserved 1179648K
  class space    used 9958K, committed 10240K, reserved 1048576K
}
Event: 83642.840 GC heap after
{Heap after GC invocations=78 (full 0):
 garbage-first heap   total reserved 4114432K, committed 106496K, used 37476K [0x0000000704e00000, 0x0000000800000000)
  region size 2048K, 1 young (2048K), 1 survivors (2048K)
 Metaspace       used 93705K, committed 94400K, reserved 1179648K
  class space    used 9958K, committed 10240K, reserved 1048576K
}
Event: 83657.223 GC heap before
{Heap before GC invocations=78 (full 0):
 garbage-first heap   total reserved 4114432K, committed 106496K, used 92772K [0x0000000704e00000, 0x0000000800000000)
  region size 2048K, 28 young (57344K), 1 survivors (2048K)
 Metaspace       used 93706K, committed 94400K, reserved 1179648K
  class space    used 9958K, committed 10240K, reserved 1048576K
}
Event: 83657.231 GC heap after
{Heap after GC invocations=79 (full 0):
 garbage-first heap   total reserved 4114432K, committed 106496K, used 37269K [0x0000000704e00000, 0x0000000800000000)
  region size 2048K, 1 young (2048K), 1 survivors (2048K)
 Metaspace       used 93706K, committed 94400K, reserved 1179648K
  class space    used 9958K, committed 10240K, reserved 1048576K
}
Event: 83710.944 GC heap before
{Heap before GC invocations=79 (full 0):
 garbage-first heap   total reserved 4114432K, committed 106496K, used 92565K [0x0000000704e00000, 0x0000000800000000)
  region size 2048K, 29 young (59392K), 1 survivors (2048K)
 Metaspace       used 93706K, committed 94400K, reserved 1179648K
  class space    used 9958K, committed 10240K, reserved 1048576K
}
Event: 83710.947 GC heap after
{Heap after GC invocations=80 (full 0):
 garbage-first heap   total reserved 4114432K, committed 106496K, used 37457K [0x0000000704e00000, 0x0000000800000000)
  region size 2048K, 1 young (2048K), 1 survivors (2048K)
 Metaspace       used 93706K, committed 94400K, reserved 1179648K
  class space    used 9958K, committed 10240K, reserved 1048576K
}
Event: 83762.588 GC heap before
{Heap before GC invocations=81 (full 0):
 garbage-first heap   total reserved 4114432K, committed 106496K, used 90705K [0x0000000704e00000, 0x0000000800000000)
  region size 2048K, 28 young (57344K), 1 survivors (2048K)
 Metaspace       used 93706K, committed 94400K, reserved 1179648K
  class space    used 9958K, committed 10240K, reserved 1048576K
}
Event: 83762.591 GC heap after
{Heap after GC invocations=82 (full 0):
 garbage-first heap   total reserved 4114432K, committed 106496K, used 37415K [0x0000000704e00000, 0x0000000800000000)
  region size 2048K, 1 young (2048K), 1 survivors (2048K)
 Metaspace       used 93706K, committed 94400K, reserved 1179648K
  class space    used 9958K, committed 10240K, reserved 1048576K
}
Event: 83814.047 GC heap before
{Heap before GC invocations=82 (full 0):
 garbage-first heap   total reserved 4114432K, committed 106496K, used 90663K [0x0000000704e00000, 0x0000000800000000)
  region size 2048K, 28 young (57344K), 1 survivors (2048K)
 Metaspace       used 93707K, committed 94400K, reserved 1179648K
  class space    used 9958K, committed 10240K, reserved 1048576K
}
Event: 83814.051 GC heap after
{Heap after GC invocations=83 (full 0):
 garbage-first heap   total reserved 4114432K, committed 106496K, used 37428K [0x0000000704e00000, 0x0000000800000000)
  region size 2048K, 1 young (2048K), 1 survivors (2048K)
 Metaspace       used 93707K, committed 94400K, reserved 1179648K
  class space    used 9958K, committed 10240K, reserved 1048576K
}
Event: 83868.642 GC heap before
{Heap before GC invocations=84 (full 0):
 garbage-first heap   total reserved 4114432K, committed 106496K, used 92724K [0x0000000704e00000, 0x0000000800000000)
  region size 2048K, 28 young (57344K), 1 survivors (2048K)
 Metaspace       used 93708K, committed 94400K, reserved 1179648K
  class space    used 9958K, committed 10240K, reserved 1048576K
}
Event: 83868.644 GC heap after
{Heap after GC invocations=85 (full 0):
 garbage-first heap   total reserved 4114432K, committed 106496K, used 37443K [0x0000000704e00000, 0x0000000800000000)
  region size 2048K, 1 young (2048K), 1 survivors (2048K)
 Metaspace       used 93708K, committed 94400K, reserved 1179648K
  class space    used 9958K, committed 10240K, reserved 1048576K
}
Event: 83922.505 GC heap before
{Heap before GC invocations=85 (full 0):
 garbage-first heap   total reserved 4114432K, committed 106496K, used 90691K [0x0000000704e00000, 0x0000000800000000)
  region size 2048K, 28 young (57344K), 1 survivors (2048K)
 Metaspace       used 93709K, committed 94400K, reserved 1179648K
  class space    used 9958K, committed 10240K, reserved 1048576K
}
Event: 83922.508 GC heap after
{Heap after GC invocations=86 (full 0):
 garbage-first heap   total reserved 4114432K, committed 106496K, used 37451K [0x0000000704e00000, 0x0000000800000000)
  region size 2048K, 1 young (2048K), 1 survivors (2048K)
 Metaspace       used 93709K, committed 94400K, reserved 1179648K
  class space    used 9958K, committed 10240K, reserved 1048576K
}
Event: 83929.112 GC heap before
{Heap before GC invocations=87 (full 0):
 garbage-first heap   total reserved 4114432K, committed 106496K, used 90699K [0x0000000704e00000, 0x0000000800000000)
  region size 2048K, 28 young (57344K), 1 survivors (2048K)
 Metaspace       used 93709K, committed 94400K, reserved 1179648K
  class space    used 9958K, committed 10240K, reserved 1048576K
}
Event: 83929.114 GC heap after
{Heap after GC invocations=88 (full 0):
 garbage-first heap   total reserved 4114432K, committed 106496K, used 37467K [0x0000000704e00000, 0x0000000800000000)
  region size 2048K, 1 young (2048K), 1 survivors (2048K)
 Metaspace       used 93709K, committed 94400K, reserved 1179648K
  class space    used 9958K, committed 10240K, reserved 1048576K
}
Event: 83934.258 GC heap before
{Heap before GC invocations=88 (full 0):
 garbage-first heap   total reserved 4114432K, committed 106496K, used 92763K [0x0000000704e00000, 0x0000000800000000)
  region size 2048K, 28 young (57344K), 1 survivors (2048K)
 Metaspace       used 93711K, committed 94400K, reserved 1179648K
  class space    used 9959K, committed 10240K, reserved 1048576K
}
Event: 83934.260 GC heap after
{Heap after GC invocations=89 (full 0):
 garbage-first heap   total reserved 4114432K, committed 106496K, used 37519K [0x0000000704e00000, 0x0000000800000000)
  region size 2048K, 1 young (2048K), 1 survivors (2048K)
 Metaspace       used 93711K, committed 94400K, reserved 1179648K
  class space    used 9959K, committed 10240K, reserved 1048576K
}

