# JRE version: Java(TM) SE Runtime Environment (24.0.1+9) (build 24.0.1+9-30)
# Java VM: Java HotSpot(TM) 64-Bit Server VM (24.0.1+9-30, mixed mode, sharing, tiered, compressed oops, compressed class ptrs, g1 gc, windows-amd64)
GC Precious Log:
 CardTable entry size: 512
 Card Set container configuration: InlinePtr #cards 4 size 8 Array Of Cards #cards 16 size 48 Howl #buckets 8 coarsen threshold 3686 Howl Bitmap #cards 512 size 80 coarsen threshold 460 Card regions per heap region 1 cards per card region 4096
 CPUs: 16 total, 16 available
 Memory: 16068M
 Large Page Support: Disabled
 NUMA Support: Disabled
 Compressed Oops: Enabled (Zero based)
 Heap Region Size: 2M
 Heap Min Capacity: 8M
 Heap Initial Capacity: 252M
 Heap Max Capacity: 4018M
 Pre-touch: Disabled
 Parallel Workers: 13
 Concurrent Workers: 3
 Concurrent Refinement Workers: 13
 Periodic GC: Disabled
Heap:
 garbage-first heap   total reserved 4114432K, committed 131072K, used 72171K [0x0000000704e00000, 0x0000000800000000)
  region size 2048K, 17 young (34816K), 2 survivors (4096K)
 Metaspace       used 94189K, committed 94848K, reserved 1179648K
  class space    used 10101K, committed 10368K, reserved 1048576K
GC Heap History (20 events):
Event: 5.986 GC heap before
{Heap before GC invocations=21 (full 0):
 garbage-first heap   total reserved 4114432K, committed 63488K, used 52866K [0x0000000704e00000, 0x0000000800000000)
  region size 2048K, 9 young (18432K), 1 survivors (2048K)
 Metaspace       used 78801K, committed 79296K, reserved 1179648K
  class space    used 8504K, committed 8704K, reserved 1048576K
}
Event: 5.988 GC heap after
{Heap after GC invocations=22 (full 0):
 garbage-first heap   total reserved 4114432K, committed 63488K, used 38157K [0x0000000704e00000, 0x0000000800000000)
  region size 2048K, 2 young (4096K), 2 survivors (4096K)
 Metaspace       used 78801K, committed 79296K, reserved 1179648K
  class space    used 8504K, committed 8704K, reserved 1048576K
}
Event: 6.019 GC heap before
{Heap before GC invocations=23 (full 0):
 garbage-first heap   total reserved 4114432K, committed 69632K, used 50445K [0x0000000704e00000, 0x0000000800000000)
  region size 2048K, 8 young (16384K), 2 survivors (4096K)
 Metaspace       used 78801K, committed 79296K, reserved 1179648K
  class space    used 8504K, committed 8704K, reserved 1048576K
}
Event: 6.022 GC heap after
{Heap after GC invocations=24 (full 0):
 garbage-first heap   total reserved 4114432K, committed 69632K, used 37466K [0x0000000704e00000, 0x0000000800000000)
  region size 2048K, 1 young (2048K), 1 survivors (2048K)
 Metaspace       used 78801K, committed 79296K, reserved 1179648K
  class space    used 8504K, committed 8704K, reserved 1048576K
}
Event: 6.062 GC heap before
{Heap before GC invocations=24 (full 0):
 garbage-first heap   total reserved 4114432K, committed 69632K, used 59994K [0x0000000704e00000, 0x0000000800000000)
  region size 2048K, 12 young (24576K), 1 survivors (2048K)
 Metaspace       used 78801K, committed 79296K, reserved 1179648K
  class space    used 8504K, committed 8704K, reserved 1048576K
}
Event: 6.064 GC heap after
{Heap after GC invocations=25 (full 0):
 garbage-first heap   total reserved 4114432K, committed 131072K, used 37795K [0x0000000704e00000, 0x0000000800000000)
  region size 2048K, 1 young (2048K), 1 survivors (2048K)
 Metaspace       used 78801K, committed 79296K, reserved 1179648K
  class space    used 8504K, committed 8704K, reserved 1048576K
}
Event: 6.243 GC heap before
{Heap before GC invocations=26 (full 0):
 garbage-first heap   total reserved 4114432K, committed 131072K, used 113571K [0x0000000704e00000, 0x0000000800000000)
  region size 2048K, 38 young (77824K), 1 survivors (2048K)
 Metaspace       used 78803K, committed 79296K, reserved 1179648K
  class space    used 8504K, committed 8704K, reserved 1048576K
}
Event: 6.246 GC heap after
{Heap after GC invocations=27 (full 0):
 garbage-first heap   total reserved 4114432K, committed 131072K, used 42470K [0x0000000704e00000, 0x0000000800000000)
  region size 2048K, 3 young (6144K), 3 survivors (6144K)
 Metaspace       used 78803K, committed 79296K, reserved 1179648K
  class space    used 8504K, committed 8704K, reserved 1048576K
}
Event: 7.168 GC heap before
{Heap before GC invocations=27 (full 0):
 garbage-first heap   total reserved 4114432K, committed 131072K, used 103910K [0x0000000704e00000, 0x0000000800000000)
  region size 2048K, 33 young (67584K), 3 survivors (6144K)
 Metaspace       used 84431K, committed 84992K, reserved 1179648K
  class space    used 9196K, committed 9472K, reserved 1048576K
}
Event: 7.172 GC heap after
{Heap after GC invocations=28 (full 0):
 garbage-first heap   total reserved 4114432K, committed 131072K, used 41511K [0x0000000704e00000, 0x0000000800000000)
  region size 2048K, 3 young (6144K), 3 survivors (6144K)
 Metaspace       used 84431K, committed 84992K, reserved 1179648K
  class space    used 9196K, committed 9472K, reserved 1048576K
}
Event: 252.015 GC heap before
{Heap before GC invocations=28 (full 0):
 garbage-first heap   total reserved 4114432K, committed 131072K, used 102951K [0x0000000704e00000, 0x0000000800000000)
  region size 2048K, 34 young (69632K), 3 survivors (6144K)
 Metaspace       used 92098K, committed 92672K, reserved 1179648K
  class space    used 9975K, committed 10240K, reserved 1048576K
}
Event: 252.027 GC heap after
{Heap after GC invocations=29 (full 0):
 garbage-first heap   total reserved 4114432K, committed 131072K, used 43653K [0x0000000704e00000, 0x0000000800000000)
  region size 2048K, 4 young (8192K), 4 survivors (8192K)
 Metaspace       used 92098K, committed 92672K, reserved 1179648K
  class space    used 9975K, committed 10240K, reserved 1048576K
}
Event: 901.068 GC heap before
{Heap before GC invocations=29 (full 0):
 garbage-first heap   total reserved 4114432K, committed 131072K, used 109189K [0x0000000704e00000, 0x0000000800000000)
  region size 2048K, 36 young (73728K), 4 survivors (8192K)
 Metaspace       used 92861K, committed 93568K, reserved 1179648K
  class space    used 10016K, committed 10304K, reserved 1048576K
}
Event: 901.077 GC heap after
{Heap after GC invocations=30 (full 0):
 garbage-first heap   total reserved 4114432K, committed 131072K, used 44336K [0x0000000704e00000, 0x0000000800000000)
  region size 2048K, 2 young (4096K), 2 survivors (4096K)
 Metaspace       used 92861K, committed 93568K, reserved 1179648K
  class space    used 10016K, committed 10304K, reserved 1048576K
}
Event: 1861.917 GC heap before
{Heap before GC invocations=30 (full 0):
 garbage-first heap   total reserved 4114432K, committed 131072K, used 109872K [0x0000000704e00000, 0x0000000800000000)
  region size 2048K, 35 young (71680K), 2 survivors (4096K)
 Metaspace       used 93590K, committed 94272K, reserved 1179648K
  class space    used 10087K, committed 10368K, reserved 1048576K
}
Event: 1861.927 GC heap after
{Heap after GC invocations=31 (full 0):
 garbage-first heap   total reserved 4114432K, committed 131072K, used 44770K [0x0000000704e00000, 0x0000000800000000)
  region size 2048K, 2 young (4096K), 2 survivors (4096K)
 Metaspace       used 93590K, committed 94272K, reserved 1179648K
  class space    used 10087K, committed 10368K, reserved 1048576K
}
Event: 2795.746 GC heap before
{Heap before GC invocations=32 (full 0):
 garbage-first heap   total reserved 4114432K, committed 131072K, used 114402K [0x0000000704e00000, 0x0000000800000000)
  region size 2048K, 36 young (73728K), 2 survivors (4096K)
 Metaspace       used 93692K, committed 94400K, reserved 1179648K
  class space    used 10087K, committed 10368K, reserved 1048576K
}
Event: 2795.754 GC heap after
{Heap after GC invocations=33 (full 0):
 garbage-first heap   total reserved 4114432K, committed 131072K, used 44751K [0x0000000704e00000, 0x0000000800000000)
  region size 2048K, 2 young (4096K), 2 survivors (4096K)
 Metaspace       used 93692K, committed 94400K, reserved 1179648K
  class space    used 10087K, committed 10368K, reserved 1048576K
}
Event: 3506.071 GC heap before
{Heap before GC invocations=33 (full 0):
 garbage-first heap   total reserved 4114432K, committed 131072K, used 116431K [0x0000000704e00000, 0x0000000800000000)
  region size 2048K, 37 young (75776K), 2 survivors (4096K)
 Metaspace       used 94140K, committed 94784K, reserved 1179648K
  class space    used 10098K, committed 10368K, reserved 1048576K
}
Event: 3506.083 GC heap after
{Heap after GC invocations=34 (full 0):
 garbage-first heap   total reserved 4114432K, committed 131072K, used 43499K [0x0000000704e00000, 0x0000000800000000)
  region size 2048K, 2 young (4096K), 2 survivors (4096K)
 Metaspace       used 94140K, committed 94784K, reserved 1179648K
  class space    used 10098K, committed 10368K, reserved 1048576K
}

